2025-03-06 19:24:31,485 - INFO - Anime(悪役令嬢転生おじさん, BGM: , AL: , MAL: , FM: , URLs: , , , , Names: , , , )
2025-03-06 19:24:32,460 - INFO - bgm的链接:https://bgm.tv/subject/473497
2025-03-06 19:24:32,460 - INFO - bgm的条目名字:悪役令嬢転生おじさん
2025-03-06 19:24:33,346 - INFO - bgm的页面评分6.8
2025-03-06 19:24:33,346 - INFO - bgm的评分:6.76
2025-03-06 19:24:33,346 - INFO - bgm的评分人数:1246
2025-03-06 19:24:44,259 - INFO - MAL的链接: https://myanimelist.net/anime/57719/Akuyaku_Reijou_Tensei_Ojisan
2025-03-06 19:24:44,259 - INFO - MAL的名称: Akuyaku Reijou Tensei Ojisan
2025-03-06 19:24:44,260 - INFO - MAL的评分: 7.57
2025-03-06 19:24:44,260 - INFO - MAL的评分人数: 8995
2025-03-06 19:24:54,423 - INFO - AniList的链接: https://anilist.co/anime/172453
2025-03-06 19:24:54,423 - INFO - AniList的名称: Akuyaku Reijou Tensei Oji-san
2025-03-06 19:24:54,423 - INFO - AniList的评分: 73
2025-03-06 19:24:54,423 - INFO - AniList的评分人数: 20432
2025-03-06 19:25:04,332 - INFO - Filmarks的链接: https://filmarks.com/search/animes?q=%E6%82%AA%E5%BD%B9%E4%BB%A4%E5%AC%A2%E8%BB%A2%E7%94%9F%E3%81%8A%E3%81%98%E3%81%95%E3%82%93
2025-03-06 19:25:04,332 - INFO - Filmarks的名称: 悪役令嬢転生おじさん
2025-03-06 19:25:04,332 - INFO - Filmarks的评分: 3.5
2025-03-06 19:25:04,332 - INFO - Filmarks的评分人数: {{ viewingMarkCount }}
2025-03-06 19:25:04,439 - INFO - Anime(異修羅 第2期, BGM: , AL: , MAL: , FM: , URLs: , , , , Names: , , , )
2025-03-06 19:25:05,375 - INFO - bgm的链接:https://bgm.tv/subject/485782
2025-03-06 19:25:05,375 - INFO - bgm的条目名字:異修羅 第2期
2025-03-06 19:25:06,522 - INFO - bgm的页面评分6.7
2025-03-06 19:25:06,522 - INFO - bgm的评分:6.75
2025-03-06 19:25:06,523 - INFO - bgm的评分人数:297
2025-03-06 19:25:17,644 - INFO - MAL的链接: https://myanimelist.net/anime/58484/Ishura_2nd_Season
2025-03-06 19:25:17,644 - INFO - MAL的名称: Ishura 2nd Season
2025-03-06 19:25:17,644 - INFO - MAL的评分: 7.33
2025-03-06 19:25:17,644 - INFO - MAL的评分人数: 2610
2025-03-06 19:25:27,712 - INFO - AniList的链接: https://anilist.co/anime/176234
2025-03-06 19:25:27,712 - INFO - AniList的名称: Ishura 2nd Season
2025-03-06 19:25:27,713 - INFO - AniList的评分: 68
2025-03-06 19:25:27,713 - INFO - AniList的评分人数: 9917
2025-03-06 19:25:37,165 - INFO - Filmarks的链接: https://filmarks.com/search/animes?q=%E7%95%B0%E4%BF%AE%E7%BE%85%20%E7%AC%AC2%E6%9C%9F
2025-03-06 19:25:37,165 - INFO - Filmarks的名称: 異修羅 第2期
2025-03-06 19:25:37,165 - INFO - Filmarks的评分: 3.7
2025-03-06 19:25:37,165 - INFO - Filmarks的评分人数: {{ viewingMarkCount }}
2025-03-06 19:25:37,269 - INFO - Anime(青の祓魔師 終夜篇, BGM: , AL: , MAL: , FM: , URLs: , , , , Names: , , , )
2025-03-06 19:25:38,177 - INFO - bgm的链接:https://bgm.tv/subject/531834
2025-03-06 19:25:38,177 - INFO - bgm的条目名字:青の祓魔師 終夜篇
2025-03-06 19:25:39,346 - INFO - bgm的页面评分6.1
2025-03-06 19:25:39,346 - INFO - bgm的评分:6.15
2025-03-06 19:25:39,346 - INFO - bgm的评分人数:61
2025-03-06 19:25:50,323 - INFO - MAL的链接: https://myanimelist.net/anime/59226/Ao_no_Exorcist__Yosuga-hen
2025-03-06 19:25:50,323 - INFO - MAL的名称: Ao no Exorcist: Yosuga-hen
2025-03-06 19:25:50,323 - INFO - MAL的评分: 7.85
2025-03-06 19:25:50,323 - INFO - MAL的评分人数: 4836
2025-03-06 19:26:00,383 - INFO - AniList的链接: https://anilist.co/anime/185880
2025-03-06 19:26:00,383 - INFO - AniList的名称: Ao no Exorcist: Yosuga-hen
2025-03-06 19:26:00,383 - INFO - AniList的评分: 76
2025-03-06 19:26:00,384 - INFO - AniList的评分人数: 12194
2025-03-06 19:26:09,157 - INFO - Filmarks的链接: https://filmarks.com/search/animes?q=%E9%9D%92%E3%81%AE%E7%A5%93%E9%AD%94%E5%B8%AB%20%E7%B5%82%E5%A4%9C%E7%AF%87
2025-03-06 19:26:09,158 - INFO - Filmarks的名称: 青の祓魔師 雪ノ果篇／終夜篇
2025-03-06 19:26:09,158 - INFO - Filmarks的评分: 3.8
2025-03-06 19:26:09,158 - INFO - Filmarks的评分人数: {{ viewingMarkCount }}
2025-03-06 19:26:09,262 - INFO - Anime(SAKAMOTO DAYS, BGM: , AL: , MAL: , FM: , URLs: , , , , Names: , , , )
2025-03-06 19:26:10,197 - INFO - bgm的链接:https://bgm.tv/subject/496617
2025-03-06 19:26:10,198 - INFO - bgm的条目名字:SAKAMOTO DAYS
2025-03-06 19:26:11,065 - INFO - bgm的页面评分5.8
2025-03-06 19:26:11,065 - INFO - bgm的评分:5.77
2025-03-06 19:26:11,065 - INFO - bgm的评分人数:1205
2025-03-06 19:26:21,770 - INFO - MAL的链接: https://myanimelist.net/anime/58939/Sakamoto_Days
2025-03-06 19:26:21,771 - INFO - MAL的名称: Sakamoto Days
2025-03-06 19:26:21,771 - INFO - MAL的评分: 7.74
2025-03-06 19:26:21,772 - INFO - MAL的评分人数: 47529
2025-03-06 19:26:31,794 - INFO - AniList的链接: https://anilist.co/anime/177709
2025-03-06 19:26:31,794 - INFO - AniList的名称: SAKAMOTO DAYS
2025-03-06 19:26:31,794 - INFO - AniList的评分: 76
2025-03-06 19:26:31,795 - INFO - AniList的评分人数: 114527
2025-03-06 19:26:40,603 - INFO - Filmarks的链接: https://filmarks.com/search/animes?q=SAKAMOTO%20DAYS
2025-03-06 19:26:40,604 - INFO - Filmarks的名称: SAKAMOTO DAYS
2025-03-06 19:26:40,604 - INFO - Filmarks的评分: 3.6
2025-03-06 19:26:40,604 - INFO - Filmarks的评分人数: {{ viewingMarkCount }}
2025-03-06 19:26:40,709 - INFO - Anime(沖縄で好きになった子が方言すぎてツラすぎる, BGM: , AL: , MAL: , FM: , URLs: , , , , Names: , , , )
2025-03-06 19:26:41,785 - INFO - bgm的链接:https://bgm.tv/subject/443930
2025-03-06 19:26:41,785 - INFO - bgm的条目名字:沖縄で好きになった子が方言すぎてツラすぎる
2025-03-06 19:26:42,702 - INFO - bgm的页面评分6.8
2025-03-06 19:26:42,703 - INFO - bgm的评分:6.79
2025-03-06 19:26:42,703 - INFO - bgm的评分人数:774
2025-03-06 19:26:53,559 - INFO - MAL的链接: https://myanimelist.net/anime/55842/Okinawa_de_Suki_ni_Natta_Ko_ga_Hougen_Sugite_Tsurasugiru
2025-03-06 19:26:53,560 - INFO - MAL的名称: Okinawa de Suki ni Natta Ko ga Hougen Sugite Tsurasugiru
2025-03-06 19:26:53,560 - INFO - MAL的评分: 6.85
2025-03-06 19:26:53,560 - INFO - MAL的评分人数: 6275
2025-03-06 19:27:03,558 - INFO - AniList的链接: https://anilist.co/anime/166699
2025-03-06 19:27:03,558 - INFO - AniList的名称: Okinawa de Suki ni Natta Ko ga Hougen Sugite Tsura Sugiru
2025-03-06 19:27:03,558 - INFO - AniList的评分: 67
2025-03-06 19:27:03,559 - INFO - AniList的评分人数: 17632
2025-03-06 19:27:13,466 - INFO - Filmarks的链接: https://filmarks.com/search/animes?q=%E6%B2%96%E7%B8%84%E3%81%A7%E5%A5%BD%E3%81%8D%E3%81%AB%E3%81%AA%E3%81%A3%E3%81%9F%E5%AD%90%E3%81%8C%E6%96%B9%E8%A8%80%E3%81%99%E3%81%8E%E3%81%A6%E3%83%84%E3%83%A9%E3%81%99%E3%81%8E%E3%82%8B
2025-03-06 19:27:13,467 - INFO - Filmarks的名称: 沖縄で好きになった子が方言すぎてツラすぎる
2025-03-06 19:27:13,467 - INFO - Filmarks的评分: 3.4
2025-03-06 19:27:13,467 - INFO - Filmarks的评分人数: {{ viewingMarkCount }}
2025-03-06 19:27:13,571 - INFO - Anime(戦隊レッド 異世界で冒険者になる, BGM: , AL: , MAL: , FM: , URLs: , , , , Names: , , , )
2025-03-06 19:27:14,616 - INFO - bgm的链接:https://bgm.tv/subject/507581
2025-03-06 19:27:14,616 - INFO - bgm的条目名字:戦隊レッド 異世界で冒険者になる
2025-03-06 19:27:15,499 - INFO - bgm的页面评分6.6
2025-03-06 19:27:15,500 - INFO - bgm的评分:6.64
2025-03-06 19:27:15,500 - INFO - bgm的评分人数:808
2025-03-06 19:27:26,400 - INFO - MAL的链接: https://myanimelist.net/anime/59514/Sentai_Red_Isekai_de_Boukensha_ni_Naru
2025-03-06 19:27:26,400 - INFO - MAL的名称: Sentai Red Isekai de Boukensha ni Naru
2025-03-06 19:27:26,400 - INFO - MAL的评分: 6.66
2025-03-06 19:27:26,402 - INFO - MAL的评分人数: 5572
2025-03-06 19:27:36,391 - INFO - AniList的链接: https://anilist.co/anime/180052
2025-03-06 19:27:36,392 - INFO - AniList的名称: Sentai Red Isekai de Boukensha ni Naru
2025-03-06 19:27:36,392 - INFO - AniList的评分: 64
2025-03-06 19:27:36,392 - INFO - AniList的评分人数: 15688
2025-03-06 19:27:46,363 - INFO - Filmarks的链接: https://filmarks.com/search/animes?q=%E6%88%A6%E9%9A%8A%E3%83%AC%E3%83%83%E3%83%89%20%E7%95%B0%E4%B8%96%E7%95%8C%E3%81%A7%E5%86%92%E9%99%BA%E8%80%85%E3%81%AB%E3%81%AA%E3%82%8B
2025-03-06 19:27:46,364 - INFO - Filmarks的名称: 戦隊レッド 異世界で冒険者になる
2025-03-06 19:27:46,364 - INFO - Filmarks的评分: 3.1
2025-03-06 19:27:46,364 - INFO - Filmarks的评分人数: {{ viewingMarkCount }}
2025-03-06 19:27:46,470 - INFO - Anime(日本へようこそエルフさん。, BGM: , AL: , MAL: , FM: , URLs: , , , , Names: , , , )
2025-03-06 19:27:47,505 - INFO - bgm的链接:https://bgm.tv/subject/472661
2025-03-06 19:27:47,506 - INFO - bgm的条目名字:日本へようこそエルフさん。
2025-03-06 19:27:48,362 - INFO - bgm的页面评分6.2
2025-03-06 19:27:48,363 - INFO - bgm的评分:6.17
2025-03-06 19:27:48,363 - INFO - bgm的评分人数:595
2025-03-06 19:28:00,373 - INFO - MAL的链接: https://myanimelist.net/anime/57648/Nihon_e_Youkoso_Elf-san
2025-03-06 19:28:00,373 - INFO - MAL的名称: Nihon e Youkoso Elf-san.
2025-03-06 19:28:00,373 - INFO - MAL的评分: 7.22
2025-03-06 19:28:00,375 - INFO - MAL的评分人数: 7402
2025-03-06 19:28:10,385 - INFO - AniList的链接: https://anilist.co/anime/172439
2025-03-06 19:28:10,385 - INFO - AniList的名称: Nihon e Youkoso Elf-san.
2025-03-06 19:28:10,386 - INFO - AniList的评分: 69
2025-03-06 19:28:10,386 - INFO - AniList的评分人数: 21852
2025-03-06 19:28:20,173 - INFO - Filmarks的链接: https://filmarks.com/search/animes?q=%E6%97%A5%E6%9C%AC%E3%81%B8%E3%82%88%E3%81%86%E3%81%93%E3%81%9D%E3%82%A8%E3%83%AB%E3%83%95%E3%81%95%E3%82%93%E3%80%82
2025-03-06 19:28:20,173 - INFO - Filmarks的名称: 日本へようこそエルフさん。
2025-03-06 19:28:20,173 - INFO - Filmarks的评分: 3.0
2025-03-06 19:28:20,174 - INFO - Filmarks的评分人数: {{ viewingMarkCount }}
2025-03-06 19:28:20,425 - INFO - Excel表格已成功更新。
2025-03-06 19:29:54,408 - INFO - 程序已退出...
